
/home/runner/work/exp-sherman-morrison-formula-iitb/exp-sherman-morrison-formula-iitb/experiment/simulation/common_libraries/js/ts_components/collapse_step.js
   1:10  warning  'show_step' is defined but never used                 no-unused-vars
   2:5   warning  '$' is not defined                                    no-undef
   3:9   warning  '$' is not defined                                    no-undef
   6:10  warning  'hide_step' is defined but never used                 no-unused-vars
   7:5   warning  '$' is not defined                                    no-undef
   8:9   warning  '$' is not defined                                    no-undef
  11:10  warning  'get_collapse_btn_text' is defined but never used     no-unused-vars
  20:10  warning  'get_collapse_btn_element' is defined but never used  no-unused-vars
  29:10  warning  'hide_all_steps' is defined but never used            no-unused-vars
  31:9   warning  '$' is not defined                                    no-undef

/home/runner/work/exp-sherman-morrison-formula-iitb/exp-sherman-morrison-formula-iitb/experiment/simulation/common_libraries/js/ts_components/matrix.js
   27:26  warning  'MathJax' is not defined                                no-undef
   32:7   warning  'Matrix_Without_String' is defined but never used       no-unused-vars
   52:26  warning  'MathJax' is not defined                                no-undef
   56:10  warning  'get_matrix_html' is defined but never used             no-unused-vars
   87:13  warning  'row_html' is assigned a value but never used           no-unused-vars
   99:10  warning  'get_matrix_html_with_title' is defined but never used  no-unused-vars
  131:13  warning  'row_html' is assigned a value but never used           no-unused-vars
  143:10  warning  'convert_2d_to_1d_vector' is defined but never used     no-unused-vars
  156:10  warning  'convert_1d_to_2d_matrix' is defined but never used     no-unused-vars

/home/runner/work/exp-sherman-morrison-formula-iitb/exp-sherman-morrison-formula-iitb/experiment/simulation/common_libraries/js/ts_components/pannel.js
  8:7  warning  'Pannel' is defined but never used  no-unused-vars

/home/runner/work/exp-sherman-morrison-formula-iitb/exp-sherman-morrison-formula-iitb/experiment/simulation/common_libraries/js/ts_components/questions.js
   6:17  warning  'op1' is assigned a value but never used      no-unused-vars
   7:17  warning  'op2' is assigned a value but never used      no-unused-vars
   8:17  warning  'op3' is assigned a value but never used      no-unused-vars
   9:17  warning  'op4' is assigned a value but never used      no-unused-vars
  94:7   warning  'Question_Options' is defined but never used  no-unused-vars

/home/runner/work/exp-sherman-morrison-formula-iitb/exp-sherman-morrison-formula-iitb/experiment/simulation/common_libraries/js/ts_components/tables.js
   19:22  warning  'verify_values' is not defined                                     no-undef
  137:22  warning  'verify_values' is not defined                                     no-undef
  260:7   warning  'Verify_Rows_Cols_6_decimal_places' is defined but never used      no-unused-vars
  311:22  warning  'verify_values' is not defined                                     no-undef
  416:7   warning  'Verify_Rows_Cols_Custom_Fixed_Update1' is defined but never used  no-unused-vars
  468:7   warning  'Show_Table_Custom_Fixed' is defined but never used                no-unused-vars
  506:7   warning  'Verify_Rows_Cols_Strings' is defined but never used               no-unused-vars
  527:22  warning  'verify_values' is not defined                                     no-undef
  663:7   warning  'Display_Table' is defined but never used                          no-unused-vars

/home/runner/work/exp-sherman-morrison-formula-iitb/exp-sherman-morrison-formula-iitb/experiment/simulation/common_libraries/js/ts_math_library/general_math_functions.js
    1:10  warning  'verify_values' is defined but never used                   no-unused-vars
   17:10  warning  'random1' is defined but never used                         no-unused-vars
   21:10  warning  'std_deviation' is defined but never used                   no-unused-vars
   26:10  warning  'gauss' is defined but never used                           no-unused-vars
   56:10  warning  'hide_panel' is defined but never used                      no-unused-vars
   63:10  warning  'inverse_matrix' is defined but never used                  no-unused-vars
   96:10  warning  'matrix_multiplication' is defined but never used           no-unused-vars
  113:10  warning  'transpose_matrix' is defined but never used                no-unused-vars
  123:10  warning  'matrix_multiplication_8decimal' is defined but never used  no-unused-vars
  140:10  warning  'adjoint_2x2_matrix' is defined but never used              no-unused-vars
  145:10  warning  'find_deteminant' is defined but never used                 no-unused-vars
  174:10  warning  'get_Submatrix' is defined but never used                   no-unused-vars

/home/runner/work/exp-sherman-morrison-formula-iitb/exp-sherman-morrison-formula-iitb/experiment/simulation/common_libraries/js/ts_math_library/regression.js
   1:10  warning  'regression_linear' is defined but never used            no-unused-vars
  18:10  warning  'regression_linear_1variable' is defined but never used  no-unused-vars
  27:10  warning  'regression_linear_2variable' is defined but never used  no-unused-vars
  52:11  warning  'gauss' is not defined                                   no-undef

/home/runner/work/exp-sherman-morrison-formula-iitb/exp-sherman-morrison-formula-iitb/experiment/simulation/common_libraries/math.ob.js
  1:745  warning  'b' is already defined  no-redeclare

/home/runner/work/exp-sherman-morrison-formula-iitb/exp-sherman-morrison-formula-iitb/experiment/simulation/js/activity1.js
   22:9   warning  'MathJax' is not defined                       no-undef
   28:23  warning  'get_matrix_html' is not defined               no-undef
   46:10  warning  'start_act1' is defined but never used         no-unused-vars
   51:20  warning  'get_collapse_btn_text' is not defined         no-undef
   56:48  warning  'get_matrix_html' is not defined               no-undef
   56:70  warning  'mat_a' is not defined                         no-undef
   69:5   warning  'hide_all_steps' is not defined                no-undef
   70:5   warning  'a_inv' is not defined                         no-undef
   71:5   warning  'a_inv' is not defined                         no-undef
   71:13  warning  'inverse' is not defined                       no-undef
   71:21  warning  'mat_a' is not defined                         no-undef
   73:9   warning  'MathJax' is not defined                       no-undef
   75:22  warning  'show_step' is not defined                     no-undef
   77:10  warning  'verify_matrix_a_c' is defined but never used  no-unused-vars
   80:9   warning  'inp_c' is defined but never used              no-unused-vars
   81:40  warning  'a_inv' is not defined                         no-undef
   86:18  warning  'verify_values' is not defined                 no-undef
   86:57  warning  'a_inv' is not defined                         no-undef
   94:5   warning  'activity2' is not defined                     no-undef
   99:25  warning  'a_inv' is not defined                         no-undef
  101:24  warning  'a_inv' is not defined                         no-undef
  102:24  warning  'a_inv' is not defined                         no-undef
  103:24  warning  'a_inv' is not defined                         no-undef
  106:55  warning  'get_matrix_html' is not defined               no-undef

/home/runner/work/exp-sherman-morrison-formula-iitb/exp-sherman-morrison-formula-iitb/experiment/simulation/js/activity2.js
    1:10   warning  'activity2' is defined but never used            no-unused-vars
   16:5    warning  'maindiv' is not defined                         no-undef
   18:9    warning  'MathJax' is not defined                         no-undef
   22:10   warning  'start_act2' is defined but never used           no-unused-vars
   27:27   warning  'get_matrix_html' is not defined                 no-undef
   45:25   warning  'a_inv' is not defined                           no-undef
   47:24   warning  'a_inv' is not defined                           no-undef
   48:24   warning  'a_inv' is not defined                           no-undef
   49:24   warning  'a_inv' is not defined                           no-undef
   52:20   warning  'get_collapse_btn_text' is not defined           no-undef
   57:61   warning  'get_matrix_html' is not defined                 no-undef
   57:123  warning  'get_matrix_html' is not defined                 no-undef
   57:145  warning  'mat_u' is not defined                           no-undef
   57:189  warning  'get_matrix_html' is not defined                 no-undef
   57:211  warning  'mat_v' is not defined                           no-undef
   77:5    warning  'maindiv' is not defined                         no-undef
   78:5    warning  'hide_all_steps' is not defined                  no-undef
   80:9    warning  'MathJax' is not defined                         no-undef
   82:22   warning  'show_step' is not defined                       no-undef
   84:10   warning  'verify_matrix_ut' is defined but never used     no-unused-vars
   87:9    warning  'inp_c' is defined but never used                no-unused-vars
   88:32   warning  'mat_b' is not defined                           no-undef
   93:18   warning  'verify_values' is not defined                   no-undef
   93:57   warning  'mat_b' is not defined                           no-undef
  101:5    warning  'activity3' is not defined                       no-undef
  106:25   warning  'mat_b' is not defined                           no-undef
  108:24   warning  'mat_b' is not defined                           no-undef
  109:24   warning  'mat_b' is not defined                           no-undef
  110:24   warning  'mat_b' is not defined                           no-undef
  113:42   warning  'get_matrix_html' is not defined                 no-undef
  113:64   warning  'mat_b' is not defined                           no-undef
  118:5    warning  'mat_u' is not defined                           no-undef
  118:13   warning  'convert_2d_to_1d_vector' is not defined         no-undef
  118:37   warning  'mat_u' is not defined                           no-undef
  119:5    warning  'a_inv_u' is not defined                         no-undef
  119:15   warning  'multiply' is not defined                        no-undef
  119:24   warning  'a_inv' is not defined                           no-undef
  119:31   warning  'mat_u' is not defined                           no-undef
  120:5    warning  'mat_u' is not defined                           no-undef
  120:13   warning  'convert_1d_to_2d_matrix' is not defined         no-undef
  120:37   warning  'mat_u' is not defined                           no-undef
  121:5    warning  'a_inv_u' is not defined                         no-undef
  121:15   warning  'convert_1d_to_2d_matrix' is not defined         no-undef
  121:39   warning  'a_inv_u' is not defined                         no-undef
  123:5    warning  'mat_v' is not defined                           no-undef
  123:13   warning  'convert_2d_to_1d_vector' is not defined         no-undef
  123:37   warning  'mat_v' is not defined                           no-undef
  125:5    warning  'mat_v_trans' is not defined                     no-undef
  125:20   warning  'mat_v' is not defined                           no-undef
  125:30   warning  'mat_v' is not defined                           no-undef
  125:40   warning  'mat_v' is not defined                           no-undef
  126:17   warning  'mat_v_trans' is not defined                     no-undef
  127:5    warning  'v_a_inv' is not defined                         no-undef
  127:15   warning  'matrix_multiplication' is not defined           no-undef
  127:38   warning  'mat_v_trans' is not defined                     no-undef
  127:52   warning  'a_inv' is not defined                           no-undef
  128:5    warning  'mat_v' is not defined                           no-undef
  128:13   warning  'convert_1d_to_2d_matrix' is not defined         no-undef
  128:37   warning  'mat_v' is not defined                           no-undef
  130:15   warning  'matrix_multiplication' is not defined           no-undef
  130:37   warning  'v_a_inv' is not defined                         no-undef
  130:46   warning  'mat_u' is not defined                           no-undef
  131:5    warning  'denominator' is not defined                     no-undef
  133:15   warning  'matrix_multiplication_8decimal' is not defined  no-undef
  133:46   warning  'a_inv_u' is not defined                         no-undef
  133:56   warning  'mat_v_trans' is not defined                     no-undef
  134:5    warning  'mat_b' is not defined                           no-undef
  134:13   warning  'matrix_multiplication_8decimal' is not defined  no-undef
  134:49   warning  'a_inv' is not defined                           no-undef

/home/runner/work/exp-sherman-morrison-formula-iitb/exp-sherman-morrison-formula-iitb/experiment/simulation/js/activity3.js
    1:10   warning  'activity3' is defined but never used            no-unused-vars
   16:5    warning  'maindiv' is not defined                         no-undef
   19:9    warning  'MathJax' is not defined                         no-undef
   22:10   warning  'start_act3' is defined but never used           no-unused-vars
   27:27   warning  'get_matrix_html' is not defined                 no-undef
   32:20   warning  'get_collapse_btn_text' is not defined           no-undef
   37:44   warning  'get_matrix_html_with_title' is not defined      no-undef
   37:77   warning  'a_inv' is not defined                           no-undef
   37:128  warning  'get_matrix_html_with_title' is not defined      no-undef
   37:161  warning  'mat_u' is not defined                           no-undef
   37:199  warning  'get_matrix_html_with_title' is not defined      no-undef
   37:232  warning  'mat_v' is not defined                           no-undef
   37:270  warning  'get_matrix_html_with_title' is not defined      no-undef
   37:303  warning  'mat_c' is not defined                           no-undef
   53:5    warning  'maindiv' is not defined                         no-undef
   54:5    warning  'hide_all_steps' is not defined                  no-undef
   56:9    warning  'MathJax' is not defined                         no-undef
   58:22   warning  'show_step' is not defined                       no-undef
   60:10   warning  'verify_matrix_bs' is defined but never used     no-unused-vars
   63:32   warning  'mat_x' is not defined                           no-undef
   67:14   warning  'verify_values' is not defined                   no-undef
   67:53   warning  'mat_x' is not defined                           no-undef
   75:5    warning  'maindiv' is not defined                         no-undef
   78:5    warning  'mat_x' is not defined                           no-undef
   78:13   warning  'matrix_multiplication_8decimal' is not defined  no-undef
   78:44   warning  'a_inv' is not defined                           no-undef
   78:51   warning  'mat_c' is not defined                           no-undef
   83:13   warning  'mat_b' is not defined                           no-undef
   83:27   warning  'denominator' is not defined                     no-undef
   84:13   warning  'mat_b' is not defined                           no-undef
   84:27   warning  'denominator' is not defined                     no-undef
   85:13   warning  'mat_b' is not defined                           no-undef
   85:27   warning  'denominator' is not defined                     no-undef
   90:16   warning  'matrix_multiplication' is not defined           no-undef
   90:39   warning  'mat_v_trans' is not defined                     no-undef
   90:53   warning  'a_inv' is not defined                           no-undef
   91:16   warning  'matrix_multiplication_8decimal' is not defined  no-undef
   91:53   warning  'mat_c' is not defined                           no-undef
   92:9    warning  'res3' is assigned a value but never used        no-unused-vars
   98:25   warning  'denominator' is not defined                     no-undef
   99:25   warning  'denominator' is not defined                     no-undef
  100:25   warning  'denominator' is not defined                     no-undef
  108:24   warning  'get_matrix_html' is not defined                 no-undef
  108:46   warning  'mat_a' is not defined                           no-undef
  108:146  warning  'get_matrix_html' is not defined                 no-undef
  108:168  warning  'mat_c' is not defined                           no-undef

/home/runner/work/exp-sherman-morrison-formula-iitb/exp-sherman-morrison-formula-iitb/experiment/simulation/js/data.js
  32:5   warning  'mat_v_trans' is assigned a value but never used    no-unused-vars
  33:5   warning  'a_inv_u' is assigned a value but never used        no-unused-vars
  34:5   warning  'v_a_inv' is assigned a value but never used        no-unused-vars
  35:5   warning  'a_inv' is assigned a value but never used          no-unused-vars
  52:5   warning  'mat_b' is assigned a value but never used          no-unused-vars
  53:5   warning  'denominator' is assigned a value but never used    no-unused-vars
  83:13  warning  Do not use the '==' operator to compare against -0  no-compare-neg-zero
  86:13  warning  Do not use the '==' operator to compare against -0  no-compare-neg-zero
  98:5   warning  'mat_x' is assigned a value but never used          no-unused-vars

/home/runner/work/exp-sherman-morrison-formula-iitb/exp-sherman-morrison-formula-iitb/experiment/simulation/js/gauss_ele.js
  42:10  warning  'gauss_ele' is defined but never used  no-unused-vars

/home/runner/work/exp-sherman-morrison-formula-iitb/exp-sherman-morrison-formula-iitb/experiment/simulation/js/inverse.js
   1:10  warning  'inverse' is defined but never used   no-unused-vars
  25:10  warning  'multiply' is defined but never used  no-unused-vars

/home/runner/work/exp-sherman-morrison-formula-iitb/exp-sherman-morrison-formula-iitb/experiment/simulation/js/screen_size.js
  1:10  warning  'set_screen_size' is defined but never used  no-unused-vars

✖ 203 problems (0 errors, 203 warnings)

